              :-) GROMACS - gmx mdrun, 2020.1-Ubuntu-2020.1-1 (-:

                            GROMACS is written by:
     Emile Apol      Rossen Apostolov      Paul Bauer     Herman J.C. Berendsen
    Par Bjelkmar      Christian Blau   Viacheslav Bolnykh     Kevin Boyd    
 Aldert van Buuren   Rudi van Drunen     Anton Feenstra       Alan Gray     
  Gerrit Groenhof     Anca Hamuraru    Vincent Hindriksen  M. Eric Irrgang  
  Aleksei Iupinov   Christoph Junghans     Joe Jordan     Dimitrios Karkoulis
    Peter Kasson        Jiri Kraus      Carsten Kutzner      Per Larsson    
  Justin A. Lemkul    Viveca Lindahl    Magnus Lundborg     Erik Marklund   
    Pascal Merz     Pieter Meulenhoff    Teemu Murtola       Szilard Pall   
    Sander Pronk      Roland Schulz      Michael Shirts    Alexey Shvetsov  
   Alfons Sijbers     Peter Tieleman      Jon Vincent      Teemu Virolainen 
 Christian Wennberg    Maarten Wolf      Artem Zhmurov   
                           and the project leaders:
        Mark Abraham, Berk Hess, Erik Lindahl, and David van der Spoel

Copyright (c) 1991-2000, University of Groningen, The Netherlands.
Copyright (c) 2001-2019, The GROMACS development team at
Uppsala University, Stockholm University and
the Royal Institute of Technology, Sweden.
check out http://www.gromacs.org for more information.

GROMACS is free software; you can redistribute it and/or modify it
under the terms of the GNU Lesser General Public License
as published by the Free Software Foundation; either version 2.1
of the License, or (at your option) any later version.

GROMACS:      gmx mdrun, version 2020.1-Ubuntu-2020.1-1
Executable:   /usr/bin/gmx
Data prefix:  /usr
Working dir:  /works/sharreddata/tutorial_gromacs_simples/exemplo
Process ID:   64
Command line:
  gmx mdrun -v -deffnm npt

GROMACS version:    2020.1-Ubuntu-2020.1-1
Precision:          single
Memory model:       64 bit
MPI library:        thread_mpi
OpenMP support:     enabled (GMX_OPENMP_MAX_THREADS = 64)
GPU support:        disabled
SIMD instructions:  SSE2
FFT library:        fftw-3.3.8-sse2-avx
RDTSCP usage:       disabled
TNG support:        enabled
Hwloc support:      hwloc-2.1.0
Tracing support:    disabled
C compiler:         /usr/bin/cc GNU 9.3.0
C compiler flags:   -msse2 -fexcess-precision=fast -funroll-all-loops
C++ compiler:       /usr/bin/c++ GNU 9.3.0
C++ compiler flags: -msse2 -fexcess-precision=fast -funroll-all-loops -fopenmp


Running on 1 node with total 6 cores, 12 logical cores
Hardware detected:
  CPU info:
    Vendor: AMD
    Brand:  AMD Ryzen 5 3600 6-Core Processor              
    Family: 23   Model: 113   Stepping: 0
    Features: aes amd apic avx avx2 clfsh cmov cx8 cx16 f16c fma htt lahf misalignsse mmx msr pclmuldq pdpe1gb popcnt pse rdrnd rdtscp sha sse2 sse3 sse4a sse4.1 sse4.2 ssse3
  Hardware topology: Full
    Sockets, cores, and logical processors:
      Socket  0: [   0   1] [   2   3] [   4   5] [   6   7] [   8   9] [  10  11]
    Numa nodes:
      Node  0 (13346447360 bytes mem):   0   1   2   3   4   5   6   7   8   9  10  11
      Latency:
               0
         0  1.00
    Caches:
      L1: 32768 bytes, linesize 64 bytes, assoc. 8, shared 2 ways
      L2: 524288 bytes, linesize 64 bytes, assoc. 8, shared 2 ways
      L3: 16777216 bytes, linesize 64 bytes, assoc. 16, shared 12 ways

Highest SIMD level requested by all nodes in run: AVX2_256
SIMD instructions selected at compile time:       SSE2
This program was compiled for different hardware than you are running on,
which could influence performance.
The current CPU can measure timings more accurately than the code in
gmx mdrun was configured to use. This might affect your simulation
speed as accurate timings are needed for load-balancing.
Please consider rebuilding gmx mdrun with the GMX_USE_RDTSCP=ON CMake option.

++++ PLEASE READ AND CITE THE FOLLOWING REFERENCE ++++
M. J. Abraham, T. Murtola, R. Schulz, S. Páll, J. C. Smith, B. Hess, E.
Lindahl
GROMACS: High performance molecular simulations through multi-level
parallelism from laptops to supercomputers
SoftwareX 1 (2015) pp. 19-25
-------- -------- --- Thank You --- -------- --------


++++ PLEASE READ AND CITE THE FOLLOWING REFERENCE ++++
S. Páll, M. J. Abraham, C. Kutzner, B. Hess, E. Lindahl
Tackling Exascale Software Challenges in Molecular Dynamics Simulations with
GROMACS
In S. Markidis & E. Laure (Eds.), Solving Software Challenges for Exascale 8759 (2015) pp. 3-27
-------- -------- --- Thank You --- -------- --------


++++ PLEASE READ AND CITE THE FOLLOWING REFERENCE ++++
S. Pronk, S. Páll, R. Schulz, P. Larsson, P. Bjelkmar, R. Apostolov, M. R.
Shirts, J. C. Smith, P. M. Kasson, D. van der Spoel, B. Hess, and E. Lindahl
GROMACS 4.5: a high-throughput and highly parallel open source molecular
simulation toolkit
Bioinformatics 29 (2013) pp. 845-54
-------- -------- --- Thank You --- -------- --------


++++ PLEASE READ AND CITE THE FOLLOWING REFERENCE ++++
B. Hess and C. Kutzner and D. van der Spoel and E. Lindahl
GROMACS 4: Algorithms for highly efficient, load-balanced, and scalable
molecular simulation
J. Chem. Theory Comput. 4 (2008) pp. 435-447
-------- -------- --- Thank You --- -------- --------


++++ PLEASE READ AND CITE THE FOLLOWING REFERENCE ++++
D. van der Spoel, E. Lindahl, B. Hess, G. Groenhof, A. E. Mark and H. J. C.
Berendsen
GROMACS: Fast, Flexible and Free
J. Comp. Chem. 26 (2005) pp. 1701-1719
-------- -------- --- Thank You --- -------- --------


++++ PLEASE READ AND CITE THE FOLLOWING REFERENCE ++++
E. Lindahl and B. Hess and D. van der Spoel
GROMACS 3.0: A package for molecular simulation and trajectory analysis
J. Mol. Mod. 7 (2001) pp. 306-317
-------- -------- --- Thank You --- -------- --------


++++ PLEASE READ AND CITE THE FOLLOWING REFERENCE ++++
H. J. C. Berendsen, D. van der Spoel and R. van Drunen
GROMACS: A message-passing parallel molecular dynamics implementation
Comp. Phys. Comm. 91 (1995) pp. 43-56
-------- -------- --- Thank You --- -------- --------

Input Parameters:
   integrator                     = md
   tinit                          = 0
   dt                             = 0.002
   nsteps                         = 50000
   init-step                      = 0
   simulation-part                = 1
   comm-mode                      = Linear
   nstcomm                        = 100
   bd-fric                        = 0
   ld-seed                        = -1111408575
   emtol                          = 10
   emstep                         = 0.01
   niter                          = 20
   fcstep                         = 0
   nstcgsteep                     = 1000
   nbfgscorr                      = 10
   rtpi                           = 0.05
   nstxout                        = 500
   nstvout                        = 500
   nstfout                        = 0
   nstlog                         = 500
   nstcalcenergy                  = 100
   nstenergy                      = 500
   nstxout-compressed             = 0
   compressed-x-precision         = 1000
   cutoff-scheme                  = Verlet
   nstlist                        = 10
   pbc                            = xyz
   periodic-molecules             = false
   verlet-buffer-tolerance        = 0.005
   rlist                          = 1
   coulombtype                    = PME
   coulomb-modifier               = Potential-shift
   rcoulomb-switch                = 0
   rcoulomb                       = 1
   epsilon-r                      = 1
   epsilon-rf                     = inf
   vdw-type                       = Cut-off
   vdw-modifier                   = Potential-shift
   rvdw-switch                    = 0
   rvdw                           = 1
   DispCorr                       = EnerPres
   table-extension                = 1
   fourierspacing                 = 0.16
   fourier-nx                     = 44
   fourier-ny                     = 44
   fourier-nz                     = 44
   pme-order                      = 4
   ewald-rtol                     = 1e-05
   ewald-rtol-lj                  = 0.001
   lj-pme-comb-rule               = Geometric
   ewald-geometry                 = 0
   epsilon-surface                = 0
   tcoupl                         = V-rescale
   nsttcouple                     = 10
   nh-chain-length                = 0
   print-nose-hoover-chain-variables = false
   pcoupl                         = Parrinello-Rahman
   pcoupltype                     = Isotropic
   nstpcouple                     = 10
   tau-p                          = 2
   compressibility (3x3):
      compressibility[    0]={ 4.50000e-05,  0.00000e+00,  0.00000e+00}
      compressibility[    1]={ 0.00000e+00,  4.50000e-05,  0.00000e+00}
      compressibility[    2]={ 0.00000e+00,  0.00000e+00,  4.50000e-05}
   ref-p (3x3):
      ref-p[    0]={ 1.00000e+00,  0.00000e+00,  0.00000e+00}
      ref-p[    1]={ 0.00000e+00,  1.00000e+00,  0.00000e+00}
      ref-p[    2]={ 0.00000e+00,  0.00000e+00,  1.00000e+00}
   refcoord-scaling               = COM
   posres-com (3):
      posres-com[0]= 4.97227e-01
      posres-com[1]= 5.02011e-01
      posres-com[2]= 4.99966e-01
   posres-comB (3):
      posres-comB[0]= 4.97227e-01
      posres-comB[1]= 5.02011e-01
      posres-comB[2]= 4.99966e-01
   QMMM                           = false
   QMconstraints                  = 0
   QMMMscheme                     = 0
   MMChargeScaleFactor            = 1
qm-opts:
   ngQM                           = 0
   constraint-algorithm           = Lincs
   continuation                   = true
   Shake-SOR                      = false
   shake-tol                      = 0.0001
   lincs-order                    = 4
   lincs-iter                     = 1
   lincs-warnangle                = 30
   nwall                          = 0
   wall-type                      = 9-3
   wall-r-linpot                  = -1
   wall-atomtype[0]               = -1
   wall-atomtype[1]               = -1
   wall-density[0]                = 0
   wall-density[1]                = 0
   wall-ewald-zfac                = 3
   pull                           = false
   awh                            = false
   rotation                       = false
   interactiveMD                  = false
   disre                          = No
   disre-weighting                = Conservative
   disre-mixed                    = false
   dr-fc                          = 1000
   dr-tau                         = 0
   nstdisreout                    = 100
   orire-fc                       = 0
   orire-tau                      = 0
   nstorireout                    = 100
   free-energy                    = no
   cos-acceleration               = 0
   deform (3x3):
      deform[    0]={ 0.00000e+00,  0.00000e+00,  0.00000e+00}
      deform[    1]={ 0.00000e+00,  0.00000e+00,  0.00000e+00}
      deform[    2]={ 0.00000e+00,  0.00000e+00,  0.00000e+00}
   simulated-tempering            = false
   swapcoords                     = no
   userint1                       = 0
   userint2                       = 0
   userint3                       = 0
   userint4                       = 0
   userreal1                      = 0
   userreal2                      = 0
   userreal3                      = 0
   userreal4                      = 0
   applied-forces:
     electric-field:
       x:
         E0                       = 0
         omega                    = 0
         t0                       = 0
         sigma                    = 0
       y:
         E0                       = 0
         omega                    = 0
         t0                       = 0
         sigma                    = 0
       z:
         E0                       = 0
         omega                    = 0
         t0                       = 0
         sigma                    = 0
     density-guided-simulation:
       active                     = false
       group                      = protein
       similarity-measure         = inner-product
       atom-spreading-weight      = unity
       force-constant             = 1e+09
       gaussian-transform-spreading-width = 0.2
       gaussian-transform-spreading-range-in-multiples-of-width = 4
       reference-density-filename = reference.mrc
       nst                        = 1
       normalize-densities        = true
       adaptive-force-scaling     = false
       adaptive-force-scaling-time-constant = 4
grpopts:
   nrdf:     4920.78     63651.2
   ref-t:         300         300
   tau-t:         0.1         0.1
annealing:          No          No
annealing-npoints:           0           0
   acc:	           0           0           0
   nfreeze:           N           N           N
   energygrp-flags[  0]: 0

Changing nstlist from 10 to 50, rlist from 1 to 1.106


Using 1 MPI thread

Non-default thread affinity set, disabling internal thread affinity

Using 12 OpenMP threads 

System total charge: 0.000
Will do PME sum in reciprocal space for electrostatic interactions.

++++ PLEASE READ AND CITE THE FOLLOWING REFERENCE ++++
U. Essmann, L. Perera, M. L. Berkowitz, T. Darden, H. Lee and L. G. Pedersen 
A smooth particle mesh Ewald method
J. Chem. Phys. 103 (1995) pp. 8577-8592
-------- -------- --- Thank You --- -------- --------

Using a Gaussian width (1/beta) of 0.320163 nm for Ewald
Potential shift: LJ r^-12: -1.000e+00 r^-6: -1.000e+00, Ewald -1.000e-05
Initialized non-bonded Coulomb Ewald tables, spacing: 9.33e-04 size: 1073

Generated table with 1053 data points for 1-4 COUL.
Tabscale = 500 points/nm
Generated table with 1053 data points for 1-4 LJ6.
Tabscale = 500 points/nm
Generated table with 1053 data points for 1-4 LJ12.
Tabscale = 500 points/nm

Using SIMD 4x4 nonbonded short-range kernels

Using a dual 4x4 pair-list setup updated with dynamic pruning:
  outer list: updated every 50 steps, buffer 0.106 nm, rlist 1.106 nm
  inner list: updated every 12 steps, buffer 0.001 nm, rlist 1.001 nm
At tolerance 0.005 kJ/mol/ps per atom, equivalent classical 1x1 list would be:
  outer list: updated every 50 steps, buffer 0.232 nm, rlist 1.232 nm
  inner list: updated every 12 steps, buffer 0.046 nm, rlist 1.046 nm

Using Lorentz-Berthelot Lennard-Jones combination rule

Long Range LJ corr.: <C6> 3.0724e-04


Initializing LINear Constraint Solver

++++ PLEASE READ AND CITE THE FOLLOWING REFERENCE ++++
B. Hess and H. Bekker and H. J. C. Berendsen and J. G. E. M. Fraaije
LINCS: A Linear Constraint Solver for molecular simulations
J. Comp. Chem. 18 (1997) pp. 1463-1472
-------- -------- --- Thank You --- -------- --------

The number of constraints is 959

++++ PLEASE READ AND CITE THE FOLLOWING REFERENCE ++++
S. Miyamoto and P. A. Kollman
SETTLE: An Analytical Version of the SHAKE and RATTLE Algorithms for Rigid
Water Models
J. Comp. Chem. 13 (1992) pp. 952-962
-------- -------- --- Thank You --- -------- --------


++++ PLEASE READ AND CITE THE FOLLOWING REFERENCE ++++
G. Bussi, D. Donadio and M. Parrinello
Canonical sampling through velocity rescaling
J. Chem. Phys. 126 (2007) pp. 014101
-------- -------- --- Thank You --- -------- --------

There are: 33752 Atoms
Center of mass motion removal mode is Linear
We have the following groups for center of mass motion removal:
  0:  rest

Started mdrun on rank 0 Thu Oct  7 17:31:12 2021

           Step           Time
              0        0.00000

   Energies (kJ/mol)
           Bond          Angle    Proper Dih.  Improper Dih.          LJ-14
    1.73638e+03    3.80139e+03    5.18428e+03    2.78647e+02    1.95950e+03
     Coulomb-14        LJ (SR)  Disper. corr.   Coulomb (SR)   Coul. recip.
    1.60582e+04    6.35293e+04   -4.25081e+03   -5.58572e+05    3.30251e+03
 Position Rest.      Potential    Kinetic En.   Total Energy  Conserved En.
    1.26737e-01   -4.66972e+05    8.65274e+04   -3.80445e+05   -3.80424e+05
    Temperature Pres. DC (bar) Pressure (bar)   Constr. rmsd
    3.03531e+02   -2.05155e+02    5.75119e+01    3.05265e-06

           Step           Time
            500        1.00000

   Energies (kJ/mol)
           Bond          Angle    Proper Dih.  Improper Dih.          LJ-14
    1.66274e+03    3.82220e+03    5.16388e+03    2.60575e+02    1.88249e+03
     Coulomb-14        LJ (SR)  Disper. corr.   Coulomb (SR)   Coul. recip.
    1.61651e+04    6.43679e+04   -4.31416e+03   -5.61301e+05    3.34646e+03
 Position Rest.      Potential    Kinetic En.   Total Energy  Conserved En.
    4.31299e+02   -4.68513e+05    8.54091e+04   -3.83104e+05   -3.80423e+05
    Temperature Pres. DC (bar) Pressure (bar)   Constr. rmsd
    2.99608e+02   -2.11307e+02    1.13038e+02    2.91331e-06

           Step           Time
           1000        2.00000

   Energies (kJ/mol)
           Bond          Angle    Proper Dih.  Improper Dih.          LJ-14
    1.55327e+03    3.68328e+03    5.16778e+03    3.00692e+02    1.87772e+03
     Coulomb-14        LJ (SR)  Disper. corr.   Coulomb (SR)   Coul. recip.
    1.60644e+04    6.42461e+04   -4.31791e+03   -5.60798e+05    3.36595e+03
 Position Rest.      Potential    Kinetic En.   Total Energy  Conserved En.
    4.60673e+02   -4.68396e+05    8.51452e+04   -3.83251e+05   -3.80418e+05
    Temperature Pres. DC (bar) Pressure (bar)   Constr. rmsd
    2.98682e+02   -2.11675e+02   -6.80847e+01    2.90693e-06

           Step           Time
           1500        3.00000

   Energies (kJ/mol)
           Bond          Angle    Proper Dih.  Improper Dih.          LJ-14
    1.58179e+03    3.90527e+03    5.19286e+03    2.85099e+02    1.90387e+03
     Coulomb-14        LJ (SR)  Disper. corr.   Coulomb (SR)   Coul. recip.
    1.61247e+04    6.37204e+04   -4.31574e+03   -5.60950e+05    3.25607e+03
 Position Rest.      Potential    Kinetic En.   Total Energy  Conserved En.
    5.24071e+02   -4.68772e+05    8.59405e+04   -3.82831e+05   -3.80409e+05
    Temperature Pres. DC (bar) Pressure (bar)   Constr. rmsd
    3.01472e+02   -2.11462e+02    5.20242e+00    2.75906e-06

           Step           Time
           2000        4.00000

   Energies (kJ/mol)
           Bond          Angle    Proper Dih.  Improper Dih.          LJ-14
    1.66581e+03    3.90373e+03    5.22079e+03    2.67731e+02    1.79270e+03
     Coulomb-14        LJ (SR)  Disper. corr.   Coulomb (SR)   Coul. recip.
    1.59294e+04    6.37694e+04   -4.31694e+03   -5.60762e+05    3.35280e+03
 Position Rest.      Potential    Kinetic En.   Total Energy  Conserved En.
    4.69269e+02   -4.68707e+05    8.47671e+04   -3.83940e+05   -3.80417e+05
    Temperature Pres. DC (bar) Pressure (bar)   Constr. rmsd
    2.97356e+02   -2.11580e+02   -8.34077e+01    2.94971e-06

           Step           Time
           2500        5.00000

   Energies (kJ/mol)
           Bond          Angle    Proper Dih.  Improper Dih.          LJ-14
    1.63150e+03    3.84528e+03    5.10948e+03    2.44438e+02    1.81904e+03
     Coulomb-14        LJ (SR)  Disper. corr.   Coulomb (SR)   Coul. recip.
    1.60389e+04    6.27488e+04   -4.31538e+03   -5.60119e+05    3.31125e+03
 Position Rest.      Potential    Kinetic En.   Total Energy  Conserved En.
    4.85700e+02   -4.69200e+05    8.56032e+04   -3.83597e+05   -3.80404e+05
    Temperature Pres. DC (bar) Pressure (bar)   Constr. rmsd
    3.00289e+02   -2.11427e+02   -2.25273e+02    3.04090e-06

           Step           Time
           3000        6.00000

   Energies (kJ/mol)
           Bond          Angle    Proper Dih.  Improper Dih.          LJ-14
    1.48958e+03    3.89342e+03    5.15883e+03    2.82916e+02    1.86772e+03
     Coulomb-14        LJ (SR)  Disper. corr.   Coulomb (SR)   Coul. recip.
    1.61825e+04    6.35952e+04   -4.30007e+03   -5.61254e+05    3.29119e+03
 Position Rest.      Potential    Kinetic En.   Total Energy  Conserved En.
    4.99695e+02   -4.69292e+05    8.41300e+04   -3.85162e+05   -3.80399e+05
    Temperature Pres. DC (bar) Pressure (bar)   Constr. rmsd
    2.95121e+02   -2.09931e+02   -1.57357e+02    2.65669e-06

           Step           Time
           3500        7.00000

   Energies (kJ/mol)
           Bond          Angle    Proper Dih.  Improper Dih.          LJ-14
    1.50223e+03    3.78614e+03    5.11469e+03    2.60263e+02    1.84934e+03
     Coulomb-14        LJ (SR)  Disper. corr.   Coulomb (SR)   Coul. recip.
    1.61370e+04    6.52907e+04   -4.33119e+03   -5.63538e+05    3.15242e+03
 Position Rest.      Potential    Kinetic En.   Total Energy  Conserved En.
    4.53964e+02   -4.70322e+05    8.54795e+04   -3.84843e+05   -3.80404e+05
    Temperature Pres. DC (bar) Pressure (bar)   Constr. rmsd
    2.99855e+02   -2.12977e+02    1.52709e+02    2.81134e-06

           Step           Time
           4000        8.00000

   Energies (kJ/mol)
           Bond          Angle    Proper Dih.  Improper Dih.          LJ-14
    1.63193e+03    3.86006e+03    5.15380e+03    2.61330e+02    1.84280e+03
     Coulomb-14        LJ (SR)  Disper. corr.   Coulomb (SR)   Coul. recip.
    1.60092e+04    6.27048e+04   -4.33294e+03   -5.60201e+05    3.20900e+03
 Position Rest.      Potential    Kinetic En.   Total Energy  Conserved En.
    4.90706e+02   -4.69370e+05    8.48966e+04   -3.84474e+05   -3.80403e+05
    Temperature Pres. DC (bar) Pressure (bar)   Constr. rmsd
    2.97810e+02   -2.13149e+02   -2.67080e+02    2.70437e-06

           Step           Time
           4500        9.00000

   Energies (kJ/mol)
           Bond          Angle    Proper Dih.  Improper Dih.          LJ-14
    1.55802e+03    3.77727e+03    5.11711e+03    2.56759e+02    1.89727e+03
     Coulomb-14        LJ (SR)  Disper. corr.   Coulomb (SR)   Coul. recip.
    1.61733e+04    6.34016e+04   -4.30260e+03   -5.61110e+05    3.29154e+03
 Position Rest.      Potential    Kinetic En.   Total Energy  Conserved En.
    5.12243e+02   -4.69428e+05    8.50525e+04   -3.84375e+05   -3.80388e+05
    Temperature Pres. DC (bar) Pressure (bar)   Constr. rmsd
    2.98357e+02   -2.10178e+02   -2.74207e+02    2.55361e-06

           Step           Time
           5000       10.00000

   Energies (kJ/mol)
           Bond          Angle    Proper Dih.  Improper Dih.          LJ-14
    1.56533e+03    3.75836e+03    5.22831e+03    2.63608e+02    1.80301e+03
     Coulomb-14        LJ (SR)  Disper. corr.   Coulomb (SR)   Coul. recip.
    1.62493e+04    6.47380e+04   -4.32042e+03   -5.63005e+05    3.22738e+03
 Position Rest.      Potential    Kinetic En.   Total Energy  Conserved En.
    5.14376e+02   -4.69977e+05    8.65801e+04   -3.83397e+05   -3.80421e+05
    Temperature Pres. DC (bar) Pressure (bar)   Constr. rmsd
    3.03715e+02   -2.11920e+02   -1.14178e+02    3.07859e-06

           Step           Time
           5500       11.00000

   Energies (kJ/mol)
           Bond          Angle    Proper Dih.  Improper Dih.          LJ-14
    1.49699e+03    3.92456e+03    5.18710e+03    3.01021e+02    1.86921e+03
     Coulomb-14        LJ (SR)  Disper. corr.   Coulomb (SR)   Coul. recip.
    1.62028e+04    6.48749e+04   -4.33950e+03   -5.62790e+05    3.25403e+03
 Position Rest.      Potential    Kinetic En.   Total Energy  Conserved En.
    4.31314e+02   -4.69587e+05    8.44599e+04   -3.85127e+05   -3.80372e+05
    Temperature Pres. DC (bar) Pressure (bar)   Constr. rmsd
    2.96278e+02   -2.13794e+02    2.36553e+02    3.13066e-06

           Step           Time
           6000       12.00000

   Energies (kJ/mol)
           Bond          Angle    Proper Dih.  Improper Dih.          LJ-14
    1.53456e+03    3.96754e+03    5.20369e+03    3.03191e+02    1.92290e+03
     Coulomb-14        LJ (SR)  Disper. corr.   Coulomb (SR)   Coul. recip.
    1.62509e+04    6.29019e+04   -4.32529e+03   -5.60734e+05    3.24951e+03
 Position Rest.      Potential    Kinetic En.   Total Energy  Conserved En.
    4.25498e+02   -4.69300e+05    8.57952e+04   -3.83505e+05   -3.80383e+05
    Temperature Pres. DC (bar) Pressure (bar)   Constr. rmsd
    3.00962e+02   -2.12398e+02   -7.58842e+01    2.57832e-06

           Step           Time
           6500       13.00000

   Energies (kJ/mol)
           Bond          Angle    Proper Dih.  Improper Dih.          LJ-14
    1.63103e+03    3.77729e+03    5.19616e+03    2.85697e+02    1.80106e+03
     Coulomb-14        LJ (SR)  Disper. corr.   Coulomb (SR)   Coul. recip.
    1.61947e+04    6.30750e+04   -4.31753e+03   -5.60810e+05    3.24100e+03
 Position Rest.      Potential    Kinetic En.   Total Energy  Conserved En.
    4.97496e+02   -4.69428e+05    8.62203e+04   -3.83208e+05   -3.80401e+05
    Temperature Pres. DC (bar) Pressure (bar)   Constr. rmsd
    3.02454e+02   -2.11638e+02   -2.45022e+02    2.69081e-06

           Step           Time
           7000       14.00000

   Energies (kJ/mol)
           Bond          Angle    Proper Dih.  Improper Dih.          LJ-14
    1.54054e+03    3.87352e+03    5.10021e+03    2.46327e+02    1.84864e+03
     Coulomb-14        LJ (SR)  Disper. corr.   Coulomb (SR)   Coul. recip.
    1.60737e+04    6.49050e+04   -4.33089e+03   -5.63268e+05    3.17397e+03
 Position Rest.      Potential    Kinetic En.   Total Energy  Conserved En.
    4.66336e+02   -4.70371e+05    8.48027e+04   -3.85568e+05   -3.80389e+05
    Temperature Pres. DC (bar) Pressure (bar)   Constr. rmsd
    2.97481e+02   -2.12947e+02    8.08597e+01    2.89038e-06

           Step           Time
           7500       15.00000

   Energies (kJ/mol)
           Bond          Angle    Proper Dih.  Improper Dih.          LJ-14
    1.56433e+03    3.80546e+03    5.13869e+03    2.41361e+02    1.92091e+03
     Coulomb-14        LJ (SR)  Disper. corr.   Coulomb (SR)   Coul. recip.
    1.61146e+04    6.41965e+04   -4.32239e+03   -5.61224e+05    3.24541e+03
 Position Rest.      Potential    Kinetic En.   Total Energy  Conserved En.
    4.79215e+02   -4.68840e+05    8.49563e+04   -3.83884e+05   -3.80407e+05
    Temperature Pres. DC (bar) Pressure (bar)   Constr. rmsd
    2.98020e+02   -2.12113e+02    2.05604e+01    2.64409e-06

           Step           Time
           8000       16.00000

   Energies (kJ/mol)
           Bond          Angle    Proper Dih.  Improper Dih.          LJ-14
    1.76541e+03    3.75178e+03    5.15419e+03    2.68686e+02    1.86653e+03
     Coulomb-14        LJ (SR)  Disper. corr.   Coulomb (SR)   Coul. recip.
    1.61722e+04    6.45934e+04   -4.31290e+03   -5.62678e+05    3.20650e+03
 Position Rest.      Potential    Kinetic En.   Total Energy  Conserved En.
    4.88755e+02   -4.69723e+05    8.51413e+04   -3.84582e+05   -3.80354e+05
    Temperature Pres. DC (bar) Pressure (bar)   Constr. rmsd
    2.98668e+02   -2.11184e+02   -1.04624e+01    2.87896e-06

           Step           Time
           8500       17.00000

   Energies (kJ/mol)
           Bond          Angle    Proper Dih.  Improper Dih.          LJ-14
    1.62555e+03    3.90827e+03    5.16817e+03    3.05827e+02    1.84771e+03
     Coulomb-14        LJ (SR)  Disper. corr.   Coulomb (SR)   Coul. recip.
    1.60503e+04    6.48166e+04   -4.33113e+03   -5.63417e+05    3.18685e+03
 Position Rest.      Potential    Kinetic En.   Total Energy  Conserved En.
    5.47898e+02   -4.70291e+05    8.52914e+04   -3.85000e+05   -3.80378e+05
    Temperature Pres. DC (bar) Pressure (bar)   Constr. rmsd
    2.99195e+02   -2.12971e+02   -4.82156e+01    2.71051e-06

           Step           Time
           9000       18.00000

   Energies (kJ/mol)
           Bond          Angle    Proper Dih.  Improper Dih.          LJ-14
    1.63509e+03    3.91171e+03    5.17632e+03    2.57911e+02    1.92468e+03
     Coulomb-14        LJ (SR)  Disper. corr.   Coulomb (SR)   Coul. recip.
    1.63090e+04    6.46858e+04   -4.32954e+03   -5.62074e+05    3.29280e+03
 Position Rest.      Potential    Kinetic En.   Total Energy  Conserved En.
    5.06482e+02   -4.68704e+05    8.55984e+04   -3.83105e+05   -3.80338e+05
    Temperature Pres. DC (bar) Pressure (bar)   Constr. rmsd
    3.00272e+02   -2.12815e+02    2.09387e+02    2.89318e-06

           Step           Time
           9500       19.00000

   Energies (kJ/mol)
           Bond          Angle    Proper Dih.  Improper Dih.          LJ-14
    1.72546e+03    3.96476e+03    5.21969e+03    2.74067e+02    1.89110e+03
     Coulomb-14        LJ (SR)  Disper. corr.   Coulomb (SR)   Coul. recip.
    1.63172e+04    6.39849e+04   -4.30453e+03   -5.60857e+05    3.31341e+03
 Position Rest.      Potential    Kinetic En.   Total Energy  Conserved En.
    4.86346e+02   -4.67985e+05    8.65325e+04   -3.81452e+05   -3.80382e+05
    Temperature Pres. DC (bar) Pressure (bar)   Constr. rmsd
    3.03548e+02   -2.10366e+02   -8.92419e+01    2.87044e-06

           Step           Time
          10000       20.00000

   Energies (kJ/mol)
           Bond          Angle    Proper Dih.  Improper Dih.          LJ-14
    1.56270e+03    3.82282e+03    5.20823e+03    2.56464e+02    1.86677e+03
     Coulomb-14        LJ (SR)  Disper. corr.   Coulomb (SR)   Coul. recip.
    1.61948e+04    6.42777e+04   -4.32456e+03   -5.62444e+05    3.25652e+03
 Position Rest.      Potential    Kinetic En.   Total Energy  Conserved En.
    4.59610e+02   -4.69863e+05    8.54241e+04   -3.84439e+05   -3.80379e+05
    Temperature Pres. DC (bar) Pressure (bar)   Constr. rmsd
    2.99660e+02   -2.12326e+02    4.36852e+01    2.97094e-06

           Step           Time
          10500       21.00000

   Energies (kJ/mol)
           Bond          Angle    Proper Dih.  Improper Dih.          LJ-14
    1.41728e+03    3.88832e+03    5.17601e+03    2.20250e+02    1.84870e+03
     Coulomb-14        LJ (SR)  Disper. corr.   Coulomb (SR)   Coul. recip.
    1.62377e+04    6.36092e+04   -4.29394e+03   -5.60685e+05    3.35437e+03
 Position Rest.      Potential    Kinetic En.   Total Energy  Conserved En.
    4.57415e+02   -4.68769e+05    8.49433e+04   -3.83826e+05   -3.80374e+05
    Temperature Pres. DC (bar) Pressure (bar)   Constr. rmsd
    2.97974e+02   -2.09333e+02   -2.43011e+02    2.79267e-06

           Step           Time
          11000       22.00000

   Energies (kJ/mol)
           Bond          Angle    Proper Dih.  Improper Dih.          LJ-14
    1.63590e+03    3.85660e+03    5.19123e+03    2.49385e+02    1.89479e+03
     Coulomb-14        LJ (SR)  Disper. corr.   Coulomb (SR)   Coul. recip.
    1.61586e+04    6.43077e+04   -4.31434e+03   -5.60254e+05    3.28684e+03
 Position Rest.      Potential    Kinetic En.   Total Energy  Conserved En.
    4.48016e+02   -4.67539e+05    8.49521e+04   -3.82587e+05   -3.80350e+05
    Temperature Pres. DC (bar) Pressure (bar)   Constr. rmsd
    2.98005e+02   -2.11324e+02    9.32852e+01    2.71789e-06

           Step           Time
          11500       23.00000

   Energies (kJ/mol)
           Bond          Angle    Proper Dih.  Improper Dih.          LJ-14
    1.60470e+03    3.93808e+03    5.18763e+03    2.89677e+02    1.89965e+03
     Coulomb-14        LJ (SR)  Disper. corr.   Coulomb (SR)   Coul. recip.
    1.60634e+04    6.31316e+04   -4.30854e+03   -5.59096e+05    3.35771e+03
 Position Rest.      Potential    Kinetic En.   Total Energy  Conserved En.
    5.12342e+02   -4.67420e+05    8.61998e+04   -3.81220e+05   -3.80364e+05
    Temperature Pres. DC (bar) Pressure (bar)   Constr. rmsd
    3.02381e+02   -2.10758e+02   -8.91421e+01    3.12110e-06

           Step           Time
          12000       24.00000

   Energies (kJ/mol)
           Bond          Angle    Proper Dih.  Improper Dih.          LJ-14
    1.48391e+03    3.99231e+03    5.25889e+03    3.01488e+02    1.92572e+03
     Coulomb-14        LJ (SR)  Disper. corr.   Coulomb (SR)   Coul. recip.
    1.62147e+04    6.39756e+04   -4.31734e+03   -5.61721e+05    3.24669e+03
 Position Rest.      Potential    Kinetic En.   Total Energy  Conserved En.
    5.26103e+02   -4.69113e+05    8.64165e+04   -3.82696e+05   -3.80358e+05
    Temperature Pres. DC (bar) Pressure (bar)   Constr. rmsd
    3.03142e+02   -2.11618e+02    2.68136e+02    2.68309e-06

           Step           Time
          12500       25.00000

   Energies (kJ/mol)
           Bond          Angle    Proper Dih.  Improper Dih.          LJ-14
    1.57332e+03    3.69094e+03    5.18986e+03    2.35843e+02    1.87665e+03
     Coulomb-14        LJ (SR)  Disper. corr.   Coulomb (SR)   Coul. recip.
    1.62897e+04    6.42551e+04   -4.30827e+03   -5.62115e+05    3.18988e+03
 Position Rest.      Potential    Kinetic En.   Total Energy  Conserved En.
    5.03717e+02   -4.69619e+05    8.55763e+04   -3.84042e+05   -3.80360e+05
    Temperature Pres. DC (bar) Pressure (bar)   Constr. rmsd
    3.00194e+02   -2.10731e+02    2.44239e+01    3.05204e-06

           Step           Time
          13000       26.00000

   Energies (kJ/mol)
           Bond          Angle    Proper Dih.  Improper Dih.          LJ-14
    1.59853e+03    3.65417e+03    5.15473e+03    2.63369e+02    1.87527e+03
     Coulomb-14        LJ (SR)  Disper. corr.   Coulomb (SR)   Coul. recip.
    1.61845e+04    6.39988e+04   -4.32044e+03   -5.62391e+05    3.26955e+03
 Position Rest.      Potential    Kinetic En.   Total Energy  Conserved En.
    4.93322e+02   -4.70219e+05    8.45756e+04   -3.85643e+05   -3.80354e+05
    Temperature Pres. DC (bar) Pressure (bar)   Constr. rmsd
    2.96684e+02   -2.11922e+02   -4.06135e+01    3.11424e-06

           Step           Time
          13500       27.00000

   Energies (kJ/mol)
           Bond          Angle    Proper Dih.  Improper Dih.          LJ-14
    1.61742e+03    3.94369e+03    5.19077e+03    2.61854e+02    1.84746e+03
     Coulomb-14        LJ (SR)  Disper. corr.   Coulomb (SR)   Coul. recip.
    1.61320e+04    6.39216e+04   -4.33217e+03   -5.61464e+05    3.24087e+03
 Position Rest.      Potential    Kinetic En.   Total Energy  Conserved En.
    4.80954e+02   -4.69159e+05    8.59556e+04   -3.83204e+05   -3.80342e+05
    Temperature Pres. DC (bar) Pressure (bar)   Constr. rmsd
    3.01525e+02   -2.13073e+02   -7.02481e+01    2.78592e-06

           Step           Time
          14000       28.00000

   Energies (kJ/mol)
           Bond          Angle    Proper Dih.  Improper Dih.          LJ-14
    1.56828e+03    3.81800e+03    5.17446e+03    2.86355e+02    1.84008e+03
     Coulomb-14        LJ (SR)  Disper. corr.   Coulomb (SR)   Coul. recip.
    1.61425e+04    6.38415e+04   -4.29628e+03   -5.60560e+05    3.26888e+03
 Position Rest.      Potential    Kinetic En.   Total Energy  Conserved En.
    5.11301e+02   -4.68404e+05    8.55301e+04   -3.82874e+05   -3.80349e+05
    Temperature Pres. DC (bar) Pressure (bar)   Constr. rmsd
    3.00032e+02   -2.09562e+02    1.68281e+01    2.86850e-06

           Step           Time
          14500       29.00000

   Energies (kJ/mol)
           Bond          Angle    Proper Dih.  Improper Dih.          LJ-14
    1.52309e+03    3.65304e+03    5.18869e+03    2.77148e+02    1.80096e+03
     Coulomb-14        LJ (SR)  Disper. corr.   Coulomb (SR)   Coul. recip.
    1.62135e+04    6.43360e+04   -4.33282e+03   -5.62910e+05    3.18913e+03
 Position Rest.      Potential    Kinetic En.   Total Energy  Conserved En.
    5.08087e+02   -4.70553e+05    8.46596e+04   -3.85894e+05   -3.80339e+05
    Temperature Pres. DC (bar) Pressure (bar)   Constr. rmsd
    2.96979e+02   -2.13137e+02   -1.83454e+02    2.83764e-06

           Step           Time
          15000       30.00000

   Energies (kJ/mol)
           Bond          Angle    Proper Dih.  Improper Dih.          LJ-14
    1.44912e+03    3.67079e+03    5.16467e+03    2.62712e+02    1.96849e+03
     Coulomb-14        LJ (SR)  Disper. corr.   Coulomb (SR)   Coul. recip.
    1.62216e+04    6.35709e+04   -4.30859e+03   -5.60926e+05    3.23439e+03
 Position Rest.      Potential    Kinetic En.   Total Energy  Conserved En.
    5.00049e+02   -4.69192e+05    8.56957e+04   -3.83496e+05   -3.80342e+05
    Temperature Pres. DC (bar) Pressure (bar)   Constr. rmsd
    3.00613e+02   -2.10762e+02    1.25201e+02    3.21280e-06

           Step           Time
          15500       31.00000

   Energies (kJ/mol)
           Bond          Angle    Proper Dih.  Improper Dih.          LJ-14
    1.55509e+03    3.74187e+03    5.18120e+03    2.83090e+02    1.93213e+03
     Coulomb-14        LJ (SR)  Disper. corr.   Coulomb (SR)   Coul. recip.
    1.59952e+04    6.28601e+04   -4.32007e+03   -5.60590e+05    3.28388e+03
 Position Rest.      Potential    Kinetic En.   Total Energy  Conserved En.
    4.95956e+02   -4.69581e+05    8.56492e+04   -3.83932e+05   -3.80342e+05
    Temperature Pres. DC (bar) Pressure (bar)   Constr. rmsd
    3.00450e+02   -2.11886e+02   -8.99423e+01    2.70496e-06

           Step           Time
          16000       32.00000

   Energies (kJ/mol)
           Bond          Angle    Proper Dih.  Improper Dih.          LJ-14
    1.48897e+03    3.73102e+03    5.21418e+03    2.84608e+02    1.91699e+03
     Coulomb-14        LJ (SR)  Disper. corr.   Coulomb (SR)   Coul. recip.
    1.60780e+04    6.36681e+04   -4.33126e+03   -5.62655e+05    3.23899e+03
 Position Rest.      Potential    Kinetic En.   Total Energy  Conserved En.
    5.15535e+02   -4.70850e+05    8.53764e+04   -3.85474e+05   -3.80337e+05
    Temperature Pres. DC (bar) Pressure (bar)   Constr. rmsd
    2.99493e+02   -2.12984e+02    1.37127e+02    2.71301e-06

           Step           Time
          16500       33.00000

   Energies (kJ/mol)
           Bond          Angle    Proper Dih.  Improper Dih.          LJ-14
    1.57796e+03    3.82615e+03    5.13417e+03    2.63341e+02    1.95433e+03
     Coulomb-14        LJ (SR)  Disper. corr.   Coulomb (SR)   Coul. recip.
    1.63109e+04    6.49688e+04   -4.32681e+03   -5.62805e+05    3.24455e+03
 Position Rest.      Potential    Kinetic En.   Total Energy  Conserved En.
    4.69018e+02   -4.69383e+05    8.60491e+04   -3.83334e+05   -3.80324e+05
    Temperature Pres. DC (bar) Pressure (bar)   Constr. rmsd
    3.01853e+02   -2.12546e+02    3.34420e+02    2.73717e-06

           Step           Time
          17000       34.00000

   Energies (kJ/mol)
           Bond          Angle    Proper Dih.  Improper Dih.          LJ-14
    1.53698e+03    3.91425e+03    5.18852e+03    2.89125e+02    1.87601e+03
     Coulomb-14        LJ (SR)  Disper. corr.   Coulomb (SR)   Coul. recip.
    1.61319e+04    6.34351e+04   -4.32873e+03   -5.62250e+05    3.25607e+03
 Position Rest.      Potential    Kinetic En.   Total Energy  Conserved En.
    4.85084e+02   -4.70466e+05    8.68084e+04   -3.83657e+05   -3.80330e+05
    Temperature Pres. DC (bar) Pressure (bar)   Constr. rmsd
    3.04517e+02   -2.12736e+02   -2.64838e+00    2.80665e-06

           Step           Time
          17500       35.00000

   Energies (kJ/mol)
           Bond          Angle    Proper Dih.  Improper Dih.          LJ-14
    1.58255e+03    3.89892e+03    5.14254e+03    2.73639e+02    1.92138e+03
     Coulomb-14        LJ (SR)  Disper. corr.   Coulomb (SR)   Coul. recip.
    1.62399e+04    6.32681e+04   -4.32605e+03   -5.60903e+05    3.23642e+03
 Position Rest.      Potential    Kinetic En.   Total Energy  Conserved En.
    4.56633e+02   -4.69209e+05    8.51187e+04   -3.84091e+05   -3.80320e+05
    Temperature Pres. DC (bar) Pressure (bar)   Constr. rmsd
    2.98589e+02   -2.12472e+02   -6.72923e+01    2.83939e-06

           Step           Time
          18000       36.00000

   Energies (kJ/mol)
           Bond          Angle    Proper Dih.  Improper Dih.          LJ-14
    1.51678e+03    3.70500e+03    5.19855e+03    2.48131e+02    1.87453e+03
     Coulomb-14        LJ (SR)  Disper. corr.   Coulomb (SR)   Coul. recip.
    1.60846e+04    6.43988e+04   -4.30526e+03   -5.62119e+05    3.30100e+03
 Position Rest.      Potential    Kinetic En.   Total Energy  Conserved En.
    5.10864e+02   -4.69586e+05    8.56811e+04   -3.83905e+05   -3.80332e+05
    Temperature Pres. DC (bar) Pressure (bar)   Constr. rmsd
    3.00562e+02   -2.10437e+02   -1.81292e+01    2.94908e-06

           Step           Time
          18500       37.00000

   Energies (kJ/mol)
           Bond          Angle    Proper Dih.  Improper Dih.          LJ-14
    1.53798e+03    3.99512e+03    5.19295e+03    2.91399e+02    1.88470e+03
     Coulomb-14        LJ (SR)  Disper. corr.   Coulomb (SR)   Coul. recip.
    1.62036e+04    6.34912e+04   -4.32147e+03   -5.60273e+05    3.28951e+03
 Position Rest.      Potential    Kinetic En.   Total Energy  Conserved En.
    5.15435e+02   -4.68193e+05    8.65126e+04   -3.81680e+05   -3.80322e+05
    Temperature Pres. DC (bar) Pressure (bar)   Constr. rmsd
    3.03479e+02   -2.12023e+02    4.69632e+01    3.02649e-06

           Step           Time
          19000       38.00000

   Energies (kJ/mol)
           Bond          Angle    Proper Dih.  Improper Dih.          LJ-14
    1.47960e+03    3.92648e+03    5.12088e+03    2.37387e+02    1.88938e+03
     Coulomb-14        LJ (SR)  Disper. corr.   Coulomb (SR)   Coul. recip.
    1.62913e+04    6.49948e+04   -4.30201e+03   -5.61915e+05    3.28878e+03
 Position Rest.      Potential    Kinetic En.   Total Energy  Conserved En.
    4.66872e+02   -4.68522e+05    8.53674e+04   -3.83154e+05   -3.80302e+05
    Temperature Pres. DC (bar) Pressure (bar)   Constr. rmsd
    2.99462e+02   -2.10121e+02    2.08389e+02    2.86347e-06

           Step           Time
          19500       39.00000

   Energies (kJ/mol)
           Bond          Angle    Proper Dih.  Improper Dih.          LJ-14
    1.54723e+03    3.84455e+03    5.17796e+03    2.42006e+02    1.90767e+03
     Coulomb-14        LJ (SR)  Disper. corr.   Coulomb (SR)   Coul. recip.
    1.61392e+04    6.32350e+04   -4.32094e+03   -5.59502e+05    3.33636e+03
 Position Rest.      Potential    Kinetic En.   Total Energy  Conserved En.
    4.49265e+02   -4.67943e+05    8.52303e+04   -3.82713e+05   -3.80308e+05
    Temperature Pres. DC (bar) Pressure (bar)   Constr. rmsd
    2.98980e+02   -2.11971e+02   -1.36697e+01    2.73778e-06

           Step           Time
          20000       40.00000

   Energies (kJ/mol)
           Bond          Angle    Proper Dih.  Improper Dih.          LJ-14
    1.63322e+03    3.72776e+03    5.09804e+03    2.64968e+02    1.90284e+03
     Coulomb-14        LJ (SR)  Disper. corr.   Coulomb (SR)   Coul. recip.
    1.59139e+04    6.46213e+04   -4.33263e+03   -5.62551e+05    3.31192e+03
 Position Rest.      Potential    Kinetic En.   Total Energy  Conserved En.
    5.10201e+02   -4.69899e+05    8.43807e+04   -3.85518e+05   -3.80291e+05
    Temperature Pres. DC (bar) Pressure (bar)   Constr. rmsd
    2.96000e+02   -2.13118e+02    1.95020e+02    2.65171e-06

           Step           Time
          20500       41.00000

   Energies (kJ/mol)
           Bond          Angle    Proper Dih.  Improper Dih.          LJ-14
    1.54158e+03    3.96115e+03    5.09205e+03    2.72085e+02    1.83367e+03
     Coulomb-14        LJ (SR)  Disper. corr.   Coulomb (SR)   Coul. recip.
    1.59169e+04    6.42130e+04   -4.31739e+03   -5.61920e+05    3.31890e+03
 Position Rest.      Potential    Kinetic En.   Total Energy  Conserved En.
    4.95364e+02   -4.69593e+05    8.64554e+04   -3.83137e+05   -3.80313e+05
    Temperature Pres. DC (bar) Pressure (bar)   Constr. rmsd
    3.03278e+02   -2.11624e+02    8.42659e+00    2.81017e-06

           Step           Time
          21000       42.00000

   Energies (kJ/mol)
           Bond          Angle    Proper Dih.  Improper Dih.          LJ-14
    1.48088e+03    3.65161e+03    5.11759e+03    2.22813e+02    1.91562e+03
     Coulomb-14        LJ (SR)  Disper. corr.   Coulomb (SR)   Coul. recip.
    1.63424e+04    6.48737e+04   -4.30075e+03   -5.62326e+05    3.22255e+03
 Position Rest.      Potential    Kinetic En.   Total Energy  Conserved En.
    4.60387e+02   -4.69339e+05    8.58739e+04   -3.83465e+05   -3.80309e+05
    Temperature Pres. DC (bar) Pressure (bar)   Constr. rmsd
    3.01238e+02   -2.09997e+02    1.45986e+02    2.81247e-06

           Step           Time
          21500       43.00000

   Energies (kJ/mol)
           Bond          Angle    Proper Dih.  Improper Dih.          LJ-14
    1.61093e+03    3.96823e+03    5.03105e+03    2.37101e+02    1.84392e+03
     Coulomb-14        LJ (SR)  Disper. corr.   Coulomb (SR)   Coul. recip.
    1.61569e+04    6.38260e+04   -4.32813e+03   -5.60656e+05    3.26165e+03
 Position Rest.      Potential    Kinetic En.   Total Energy  Conserved En.
    4.89398e+02   -4.68559e+05    8.65121e+04   -3.82047e+05   -3.80295e+05
    Temperature Pres. DC (bar) Pressure (bar)   Constr. rmsd
    3.03477e+02   -2.12676e+02   -6.64703e+01    2.86739e-06

           Step           Time
          22000       44.00000

   Energies (kJ/mol)
           Bond          Angle    Proper Dih.  Improper Dih.          LJ-14
    1.69241e+03    3.65617e+03    5.17529e+03    2.38669e+02    1.87567e+03
     Coulomb-14        LJ (SR)  Disper. corr.   Coulomb (SR)   Coul. recip.
    1.60651e+04    6.38111e+04   -4.32155e+03   -5.60796e+05    3.29216e+03
 Position Rest.      Potential    Kinetic En.   Total Energy  Conserved En.
    4.93895e+02   -4.68817e+05    8.42960e+04   -3.84521e+05   -3.80284e+05
    Temperature Pres. DC (bar) Pressure (bar)   Constr. rmsd
    2.95703e+02   -2.12031e+02    8.23861e+01    2.70655e-06

           Step           Time
          22500       45.00000

   Energies (kJ/mol)
           Bond          Angle    Proper Dih.  Improper Dih.          LJ-14
    1.56152e+03    3.69663e+03    5.08577e+03    2.77101e+02    1.87766e+03
     Coulomb-14        LJ (SR)  Disper. corr.   Coulomb (SR)   Coul. recip.
    1.61252e+04    6.44666e+04   -4.31809e+03   -5.62386e+05    3.25859e+03
 Position Rest.      Potential    Kinetic En.   Total Energy  Conserved En.
    4.86824e+02   -4.69868e+05    8.56412e+04   -3.84227e+05   -3.80312e+05
    Temperature Pres. DC (bar) Pressure (bar)   Constr. rmsd
    3.00422e+02   -2.11692e+02    5.48494e+01    2.90520e-06

           Step           Time
          23000       46.00000

   Energies (kJ/mol)
           Bond          Angle    Proper Dih.  Improper Dih.          LJ-14
    1.57264e+03    3.79715e+03    5.25750e+03    2.78402e+02    1.85000e+03
     Coulomb-14        LJ (SR)  Disper. corr.   Coulomb (SR)   Coul. recip.
    1.62797e+04    6.52699e+04   -4.31075e+03   -5.62520e+05    3.30036e+03
 Position Rest.      Potential    Kinetic En.   Total Energy  Conserved En.
    4.94185e+02   -4.68731e+05    8.54527e+04   -3.83278e+05   -3.80304e+05
    Temperature Pres. DC (bar) Pressure (bar)   Constr. rmsd
    2.99761e+02   -2.10974e+02    1.31952e+02    2.68884e-06

           Step           Time
          23500       47.00000

   Energies (kJ/mol)
           Bond          Angle    Proper Dih.  Improper Dih.          LJ-14
    1.55576e+03    3.59910e+03    5.09227e+03    2.36738e+02    1.89350e+03
     Coulomb-14        LJ (SR)  Disper. corr.   Coulomb (SR)   Coul. recip.
    1.62178e+04    6.28326e+04   -4.31401e+03   -5.60828e+05    3.14340e+03
 Position Rest.      Potential    Kinetic En.   Total Energy  Conserved En.
    4.66118e+02   -4.70105e+05    8.50437e+04   -3.85061e+05   -3.80314e+05
    Temperature Pres. DC (bar) Pressure (bar)   Constr. rmsd
    2.98326e+02   -2.11293e+02   -2.76914e+02    3.48379e-06

           Step           Time
          24000       48.00000

   Energies (kJ/mol)
           Bond          Angle    Proper Dih.  Improper Dih.          LJ-14
    1.57702e+03    4.01174e+03    5.15508e+03    2.61159e+02    1.87916e+03
     Coulomb-14        LJ (SR)  Disper. corr.   Coulomb (SR)   Coul. recip.
    1.60550e+04    6.48886e+04   -4.32990e+03   -5.61921e+05    3.22108e+03
 Position Rest.      Potential    Kinetic En.   Total Energy  Conserved En.
    4.76118e+02   -4.68726e+05    8.54055e+04   -3.83321e+05   -3.80273e+05
    Temperature Pres. DC (bar) Pressure (bar)   Constr. rmsd
    2.99595e+02   -2.12850e+02    2.67889e+02    2.90928e-06

           Step           Time
          24500       49.00000

   Energies (kJ/mol)
           Bond          Angle    Proper Dih.  Improper Dih.          LJ-14
    1.62800e+03    3.76809e+03    5.16641e+03    2.81134e+02    1.95980e+03
     Coulomb-14        LJ (SR)  Disper. corr.   Coulomb (SR)   Coul. recip.
    1.62132e+04    6.41412e+04   -4.30875e+03   -5.61371e+05    3.30555e+03
 Position Rest.      Potential    Kinetic En.   Total Energy  Conserved En.
    5.15591e+02   -4.68700e+05    8.58781e+04   -3.82822e+05   -3.80300e+05
    Temperature Pres. DC (bar) Pressure (bar)   Constr. rmsd
    3.01253e+02   -2.10779e+02    1.47913e+02    2.77660e-06

           Step           Time
          25000       50.00000

   Energies (kJ/mol)
           Bond          Angle    Proper Dih.  Improper Dih.          LJ-14
    1.57665e+03    3.94247e+03    5.21359e+03    2.37170e+02    1.95038e+03
     Coulomb-14        LJ (SR)  Disper. corr.   Coulomb (SR)   Coul. recip.
    1.62985e+04    6.43828e+04   -4.30820e+03   -5.61331e+05    3.36997e+03
 Position Rest.      Potential    Kinetic En.   Total Energy  Conserved En.
    4.89995e+02   -4.68178e+05    8.58432e+04   -3.82335e+05   -3.80282e+05
    Temperature Pres. DC (bar) Pressure (bar)   Constr. rmsd
    3.01131e+02   -2.10724e+02    1.51625e+02    2.78841e-06

           Step           Time
          25500       51.00000

   Energies (kJ/mol)
           Bond          Angle    Proper Dih.  Improper Dih.          LJ-14
    1.60783e+03    3.79047e+03    5.08418e+03    2.59842e+02    1.90023e+03
     Coulomb-14        LJ (SR)  Disper. corr.   Coulomb (SR)   Coul. recip.
    1.61559e+04    6.49222e+04   -4.31152e+03   -5.63282e+05    3.24675e+03
 Position Rest.      Potential    Kinetic En.   Total Energy  Conserved En.
    5.33588e+02   -4.70092e+05    8.56133e+04   -3.84479e+05   -3.80295e+05
    Temperature Pres. DC (bar) Pressure (bar)   Constr. rmsd
    3.00324e+02   -2.11049e+02    6.08253e+01    2.95491e-06

           Step           Time
          26000       52.00000

   Energies (kJ/mol)
           Bond          Angle    Proper Dih.  Improper Dih.          LJ-14
    1.56776e+03    4.01999e+03    5.18050e+03    3.40560e+02    1.79360e+03
     Coulomb-14        LJ (SR)  Disper. corr.   Coulomb (SR)   Coul. recip.
    1.60366e+04    6.29719e+04   -4.30507e+03   -5.60033e+05    3.31621e+03
 Position Rest.      Potential    Kinetic En.   Total Energy  Conserved En.
    4.88910e+02   -4.68622e+05    8.62072e+04   -3.82415e+05   -3.80294e+05
    Temperature Pres. DC (bar) Pressure (bar)   Constr. rmsd
    3.02408e+02   -2.10419e+02   -3.20033e+02    2.88894e-06

           Step           Time
          26500       53.00000

   Energies (kJ/mol)
           Bond          Angle    Proper Dih.  Improper Dih.          LJ-14
    1.60786e+03    3.63545e+03    5.16799e+03    2.86446e+02    1.88354e+03
     Coulomb-14        LJ (SR)  Disper. corr.   Coulomb (SR)   Coul. recip.
    1.61124e+04    6.50092e+04   -4.33262e+03   -5.63626e+05    3.23872e+03
 Position Rest.      Potential    Kinetic En.   Total Energy  Conserved En.
    4.93820e+02   -4.70523e+05    8.54274e+04   -3.85096e+05   -3.80294e+05
    Temperature Pres. DC (bar) Pressure (bar)   Constr. rmsd
    2.99672e+02   -2.13117e+02    4.95535e+01    2.84783e-06

           Step           Time
          27000       54.00000

   Energies (kJ/mol)
           Bond          Angle    Proper Dih.  Improper Dih.          LJ-14
    1.62065e+03    3.92214e+03    5.09018e+03    2.59288e+02    1.96914e+03
     Coulomb-14        LJ (SR)  Disper. corr.   Coulomb (SR)   Coul. recip.
    1.61566e+04    6.33154e+04   -4.30054e+03   -5.60994e+05    3.26598e+03
 Position Rest.      Potential    Kinetic En.   Total Energy  Conserved En.
    5.40688e+02   -4.69154e+05    8.61383e+04   -3.83016e+05   -3.80280e+05
    Temperature Pres. DC (bar) Pressure (bar)   Constr. rmsd
    3.02166e+02   -2.09977e+02   -1.78385e+02    2.78305e-06

           Step           Time
          27500       55.00000

   Energies (kJ/mol)
           Bond          Angle    Proper Dih.  Improper Dih.          LJ-14
    1.66629e+03    3.64521e+03    5.15842e+03    2.80743e+02    1.91980e+03
     Coulomb-14        LJ (SR)  Disper. corr.   Coulomb (SR)   Coul. recip.
    1.62112e+04    6.40452e+04   -4.32779e+03   -5.61318e+05    3.31407e+03
 Position Rest.      Potential    Kinetic En.   Total Energy  Conserved En.
    4.96106e+02   -4.68909e+05    8.49815e+04   -3.83927e+05   -3.80259e+05
    Temperature Pres. DC (bar) Pressure (bar)   Constr. rmsd
    2.98108e+02   -2.12643e+02    1.03756e+02    2.86205e-06

           Step           Time
          28000       56.00000

   Energies (kJ/mol)
           Bond          Angle    Proper Dih.  Improper Dih.          LJ-14
    1.56166e+03    3.85733e+03    5.08217e+03    3.12402e+02    1.89830e+03
     Coulomb-14        LJ (SR)  Disper. corr.   Coulomb (SR)   Coul. recip.
    1.60489e+04    6.34681e+04   -4.31903e+03   -5.60945e+05    3.29631e+03
 Position Rest.      Potential    Kinetic En.   Total Energy  Conserved En.
    4.81363e+02   -4.69258e+05    8.57037e+04   -3.83554e+05   -3.80279e+05
    Temperature Pres. DC (bar) Pressure (bar)   Constr. rmsd
    3.00641e+02   -2.11784e+02    4.03178e+00    3.06649e-06

           Step           Time
          28500       57.00000

   Energies (kJ/mol)
           Bond          Angle    Proper Dih.  Improper Dih.          LJ-14
    1.56103e+03    4.01363e+03    5.12277e+03    2.51316e+02    1.85282e+03
     Coulomb-14        LJ (SR)  Disper. corr.   Coulomb (SR)   Coul. recip.
    1.59832e+04    6.39430e+04   -4.31969e+03   -5.61071e+05    3.26226e+03
 Position Rest.      Potential    Kinetic En.   Total Energy  Conserved En.
    5.26239e+02   -4.68874e+05    8.63854e+04   -3.82489e+05   -3.80287e+05
    Temperature Pres. DC (bar) Pressure (bar)   Constr. rmsd
    3.03033e+02   -2.11849e+02   -1.24807e+01    2.65152e-06

           Step           Time
          29000       58.00000

   Energies (kJ/mol)
           Bond          Angle    Proper Dih.  Improper Dih.          LJ-14
    1.60445e+03    3.74094e+03    5.26463e+03    2.52736e+02    1.83145e+03
     Coulomb-14        LJ (SR)  Disper. corr.   Coulomb (SR)   Coul. recip.
    1.61427e+04    6.28814e+04   -4.32429e+03   -5.59908e+05    3.30119e+03
 Position Rest.      Potential    Kinetic En.   Total Energy  Conserved En.
    4.90519e+02   -4.68722e+05    8.51821e+04   -3.83540e+05   -3.80300e+05
    Temperature Pres. DC (bar) Pressure (bar)   Constr. rmsd
    2.98811e+02   -2.12300e+02   -1.49087e+02    2.88093e-06

           Step           Time
          29500       59.00000

   Energies (kJ/mol)
           Bond          Angle    Proper Dih.  Improper Dih.          LJ-14
    1.61739e+03    3.79473e+03    5.16632e+03    2.93250e+02    1.84801e+03
     Coulomb-14        LJ (SR)  Disper. corr.   Coulomb (SR)   Coul. recip.
    1.59938e+04    6.38784e+04   -4.31763e+03   -5.61556e+05    3.27024e+03
 Position Rest.      Potential    Kinetic En.   Total Energy  Conserved En.
    5.14460e+02   -4.69497e+05    8.52263e+04   -3.84271e+05   -3.80286e+05
    Temperature Pres. DC (bar) Pressure (bar)   Constr. rmsd
    2.98967e+02   -2.11647e+02   -1.03197e+02    2.70614e-06

           Step           Time
          30000       60.00000

   Energies (kJ/mol)
           Bond          Angle    Proper Dih.  Improper Dih.          LJ-14
    1.51152e+03    3.77398e+03    5.24837e+03    2.54542e+02    1.90199e+03
     Coulomb-14        LJ (SR)  Disper. corr.   Coulomb (SR)   Coul. recip.
    1.62151e+04    6.49110e+04   -4.32376e+03   -5.62482e+05    3.26454e+03
 Position Rest.      Potential    Kinetic En.   Total Energy  Conserved En.
    4.85796e+02   -4.69238e+05    8.60584e+04   -3.83180e+05   -3.80284e+05
    Temperature Pres. DC (bar) Pressure (bar)   Constr. rmsd
    3.01886e+02   -2.12248e+02    1.38335e+02    3.08848e-06

           Step           Time
          30500       61.00000

   Energies (kJ/mol)
           Bond          Angle    Proper Dih.  Improper Dih.          LJ-14
    1.63660e+03    3.80749e+03    5.12839e+03    2.47634e+02    1.84118e+03
     Coulomb-14        LJ (SR)  Disper. corr.   Coulomb (SR)   Coul. recip.
    1.60267e+04    6.40199e+04   -4.31234e+03   -5.61681e+05    3.31020e+03
 Position Rest.      Potential    Kinetic En.   Total Energy  Conserved En.
    4.69341e+02   -4.69506e+05    8.55380e+04   -3.83968e+05   -3.80276e+05
    Temperature Pres. DC (bar) Pressure (bar)   Constr. rmsd
    3.00060e+02   -2.11129e+02   -1.67750e+02    2.80492e-06

           Step           Time
          31000       62.00000

   Energies (kJ/mol)
           Bond          Angle    Proper Dih.  Improper Dih.          LJ-14
    1.54511e+03    3.81688e+03    5.19486e+03    2.48400e+02    1.89339e+03
     Coulomb-14        LJ (SR)  Disper. corr.   Coulomb (SR)   Coul. recip.
    1.61403e+04    6.30977e+04   -4.28898e+03   -5.59634e+05    3.20414e+03
 Position Rest.      Potential    Kinetic En.   Total Energy  Conserved En.
    5.27923e+02   -4.68254e+05    8.53815e+04   -3.82873e+05   -3.80277e+05
    Temperature Pres. DC (bar) Pressure (bar)   Constr. rmsd
    2.99511e+02   -2.08851e+02   -1.34123e+02    2.79703e-06

           Step           Time
          31500       63.00000

   Energies (kJ/mol)
           Bond          Angle    Proper Dih.  Improper Dih.          LJ-14
    1.57634e+03    3.75016e+03    5.24002e+03    2.95280e+02    1.90717e+03
     Coulomb-14        LJ (SR)  Disper. corr.   Coulomb (SR)   Coul. recip.
    1.62124e+04    6.49807e+04   -4.30985e+03   -5.63410e+05    3.29694e+03
 Position Rest.      Potential    Kinetic En.   Total Energy  Conserved En.
    4.84926e+02   -4.69976e+05    8.62506e+04   -3.83725e+05   -3.80270e+05
    Temperature Pres. DC (bar) Pressure (bar)   Constr. rmsd
    3.02560e+02   -2.10886e+02    2.82591e+02    2.66748e-06

           Step           Time
          32000       64.00000

   Energies (kJ/mol)
           Bond          Angle    Proper Dih.  Improper Dih.          LJ-14
    1.59422e+03    3.92570e+03    5.19972e+03    2.47371e+02    1.85515e+03
     Coulomb-14        LJ (SR)  Disper. corr.   Coulomb (SR)   Coul. recip.
    1.61158e+04    6.46020e+04   -4.32544e+03   -5.62618e+05    3.22165e+03
 Position Rest.      Potential    Kinetic En.   Total Energy  Conserved En.
    4.81762e+02   -4.69700e+05    8.63088e+04   -3.83391e+05   -3.80272e+05
    Temperature Pres. DC (bar) Pressure (bar)   Constr. rmsd
    3.02764e+02   -2.12413e+02    5.58544e+01    2.77692e-06

           Step           Time
          32500       65.00000

   Energies (kJ/mol)
           Bond          Angle    Proper Dih.  Improper Dih.          LJ-14
    1.62445e+03    3.90058e+03    5.19819e+03    2.90536e+02    1.96385e+03
     Coulomb-14        LJ (SR)  Disper. corr.   Coulomb (SR)   Coul. recip.
    1.64032e+04    6.35803e+04   -4.29235e+03   -5.59561e+05    3.28708e+03
 Position Rest.      Potential    Kinetic En.   Total Energy  Conserved En.
    5.20799e+02   -4.67085e+05    8.57454e+04   -3.81339e+05   -3.80249e+05
    Temperature Pres. DC (bar) Pressure (bar)   Constr. rmsd
    3.00788e+02   -2.09179e+02    7.08616e+01    2.80654e-06

           Step           Time
          33000       66.00000

   Energies (kJ/mol)
           Bond          Angle    Proper Dih.  Improper Dih.          LJ-14
    1.51414e+03    3.76281e+03    5.10236e+03    2.75148e+02    1.86020e+03
     Coulomb-14        LJ (SR)  Disper. corr.   Coulomb (SR)   Coul. recip.
    1.60156e+04    6.41687e+04   -4.33309e+03   -5.61758e+05    3.26563e+03
 Position Rest.      Potential    Kinetic En.   Total Energy  Conserved En.
    5.00350e+02   -4.69627e+05    8.44687e+04   -3.85158e+05   -3.80257e+05
    Temperature Pres. DC (bar) Pressure (bar)   Constr. rmsd
    2.96309e+02   -2.13164e+02    4.38092e+01    2.84895e-06

           Step           Time
          33500       67.00000

   Energies (kJ/mol)
           Bond          Angle    Proper Dih.  Improper Dih.          LJ-14
    1.55802e+03    3.85431e+03    5.15807e+03    2.82785e+02    1.90427e+03
     Coulomb-14        LJ (SR)  Disper. corr.   Coulomb (SR)   Coul. recip.
    1.60908e+04    6.42698e+04   -4.32224e+03   -5.62012e+05    3.20325e+03
 Position Rest.      Potential    Kinetic En.   Total Energy  Conserved En.
    4.74651e+02   -4.69538e+05    8.62292e+04   -3.83309e+05   -3.80244e+05
    Temperature Pres. DC (bar) Pressure (bar)   Constr. rmsd
    3.02485e+02   -2.12099e+02    9.76940e+01    2.82058e-06

           Step           Time
          34000       68.00000

   Energies (kJ/mol)
           Bond          Angle    Proper Dih.  Improper Dih.          LJ-14
    1.46931e+03    3.91000e+03    5.09581e+03    2.88643e+02    1.85337e+03
     Coulomb-14        LJ (SR)  Disper. corr.   Coulomb (SR)   Coul. recip.
    1.60635e+04    6.37371e+04   -4.31559e+03   -5.61438e+05    3.22709e+03
 Position Rest.      Potential    Kinetic En.   Total Energy  Conserved En.
    4.86782e+02   -4.69622e+05    8.56614e+04   -3.83961e+05   -3.80262e+05
    Temperature Pres. DC (bar) Pressure (bar)   Constr. rmsd
    3.00493e+02   -2.11448e+02   -5.74059e+01    2.96768e-06

           Step           Time
          34500       69.00000

   Energies (kJ/mol)
           Bond          Angle    Proper Dih.  Improper Dih.          LJ-14
    1.65327e+03    3.77082e+03    5.17529e+03    2.36288e+02    1.87791e+03
     Coulomb-14        LJ (SR)  Disper. corr.   Coulomb (SR)   Coul. recip.
    1.61342e+04    6.46168e+04   -4.30659e+03   -5.61844e+05    3.18127e+03
 Position Rest.      Potential    Kinetic En.   Total Energy  Conserved En.
    4.65449e+02   -4.69039e+05    8.52083e+04   -3.83831e+05   -3.80254e+05
    Temperature Pres. DC (bar) Pressure (bar)   Constr. rmsd
    2.98904e+02   -2.10567e+02    1.09086e+02    3.15146e-06

           Step           Time
          35000       70.00000

   Energies (kJ/mol)
           Bond          Angle    Proper Dih.  Improper Dih.          LJ-14
    1.60036e+03    3.79157e+03    5.17698e+03    2.90317e+02    1.89786e+03
     Coulomb-14        LJ (SR)  Disper. corr.   Coulomb (SR)   Coul. recip.
    1.61603e+04    6.36664e+04   -4.31820e+03   -5.60986e+05    3.26324e+03
 Position Rest.      Potential    Kinetic En.   Total Energy  Conserved En.
    5.35127e+02   -4.68922e+05    8.55526e+04   -3.83370e+05   -3.80254e+05
    Temperature Pres. DC (bar) Pressure (bar)   Constr. rmsd
    3.00111e+02   -2.11703e+02   -1.23080e+02    2.60562e-06

           Step           Time
          35500       71.00000

   Energies (kJ/mol)
           Bond          Angle    Proper Dih.  Improper Dih.          LJ-14
    1.55811e+03    3.70576e+03    5.11375e+03    2.72953e+02    1.86869e+03
     Coulomb-14        LJ (SR)  Disper. corr.   Coulomb (SR)   Coul. recip.
    1.62490e+04    6.33231e+04   -4.30878e+03   -5.61398e+05    3.30017e+03
 Position Rest.      Potential    Kinetic En.   Total Energy  Conserved En.
    5.11248e+02   -4.69804e+05    8.59478e+04   -3.83856e+05   -3.80268e+05
    Temperature Pres. DC (bar) Pressure (bar)   Constr. rmsd
    3.01498e+02   -2.10781e+02   -1.11801e+02    3.16316e-06

           Step           Time
          36000       72.00000

   Energies (kJ/mol)
           Bond          Angle    Proper Dih.  Improper Dih.          LJ-14
    1.60658e+03    3.85844e+03    5.20067e+03    3.00699e+02    1.90727e+03
     Coulomb-14        LJ (SR)  Disper. corr.   Coulomb (SR)   Coul. recip.
    1.60515e+04    6.29862e+04   -4.30497e+03   -5.60135e+05    3.16256e+03
 Position Rest.      Potential    Kinetic En.   Total Energy  Conserved En.
    5.11816e+02   -4.68854e+05    8.52334e+04   -3.83621e+05   -3.80224e+05
    Temperature Pres. DC (bar) Pressure (bar)   Constr. rmsd
    2.98991e+02   -2.10409e+02   -2.63021e+02    2.95382e-06

           Step           Time
          36500       73.00000

   Energies (kJ/mol)
           Bond          Angle    Proper Dih.  Improper Dih.          LJ-14
    1.52146e+03    3.88185e+03    5.17541e+03    2.61747e+02    1.87642e+03
     Coulomb-14        LJ (SR)  Disper. corr.   Coulomb (SR)   Coul. recip.
    1.62745e+04    6.41319e+04   -4.32451e+03   -5.61883e+05    3.25690e+03
 Position Rest.      Potential    Kinetic En.   Total Energy  Conserved En.
    4.83188e+02   -4.69344e+05    8.61088e+04   -3.83235e+05   -3.80247e+05
    Temperature Pres. DC (bar) Pressure (bar)   Constr. rmsd
    3.02062e+02   -2.12321e+02    8.87688e+01    2.80136e-06

           Step           Time
          37000       74.00000

   Energies (kJ/mol)
           Bond          Angle    Proper Dih.  Improper Dih.          LJ-14
    1.64579e+03    3.92052e+03    5.17926e+03    2.40010e+02    1.87653e+03
     Coulomb-14        LJ (SR)  Disper. corr.   Coulomb (SR)   Coul. recip.
    1.61031e+04    6.41537e+04   -4.32323e+03   -5.61567e+05    3.33523e+03
 Position Rest.      Potential    Kinetic En.   Total Energy  Conserved En.
    4.67792e+02   -4.68969e+05    8.59407e+04   -3.83028e+05   -3.80236e+05
    Temperature Pres. DC (bar) Pressure (bar)   Constr. rmsd
    3.01473e+02   -2.12196e+02    6.11380e+01    2.92940e-06

           Step           Time
          37500       75.00000

   Energies (kJ/mol)
           Bond          Angle    Proper Dih.  Improper Dih.          LJ-14
    1.53681e+03    4.00554e+03    5.18964e+03    2.68988e+02    1.90163e+03
     Coulomb-14        LJ (SR)  Disper. corr.   Coulomb (SR)   Coul. recip.
    1.60311e+04    6.35252e+04   -4.30173e+03   -5.60747e+05    3.27853e+03
 Position Rest.      Potential    Kinetic En.   Total Energy  Conserved En.
    4.88790e+02   -4.68823e+05    8.65426e+04   -3.82280e+05   -3.80229e+05
    Temperature Pres. DC (bar) Pressure (bar)   Constr. rmsd
    3.03584e+02   -2.10093e+02   -7.22112e+00    2.88296e-06

           Step           Time
          38000       76.00000

   Energies (kJ/mol)
           Bond          Angle    Proper Dih.  Improper Dih.          LJ-14
    1.52884e+03    3.95765e+03    5.15407e+03    2.67538e+02    1.91472e+03
     Coulomb-14        LJ (SR)  Disper. corr.   Coulomb (SR)   Coul. recip.
    1.59238e+04    6.34033e+04   -4.33144e+03   -5.60778e+05    3.29821e+03
 Position Rest.      Potential    Kinetic En.   Total Energy  Conserved En.
    5.07257e+02   -4.69154e+05    8.60603e+04   -3.83094e+05   -3.80227e+05
    Temperature Pres. DC (bar) Pressure (bar)   Constr. rmsd
    3.01892e+02   -2.13001e+02    6.21004e+01    2.96623e-06

           Step           Time
          38500       77.00000

   Energies (kJ/mol)
           Bond          Angle    Proper Dih.  Improper Dih.          LJ-14
    1.55540e+03    3.84360e+03    5.25057e+03    2.92163e+02    1.86954e+03
     Coulomb-14        LJ (SR)  Disper. corr.   Coulomb (SR)   Coul. recip.
    1.61825e+04    6.33524e+04   -4.30904e+03   -5.61098e+05    3.22198e+03
 Position Rest.      Potential    Kinetic En.   Total Energy  Conserved En.
    4.38805e+02   -4.69400e+05    8.59696e+04   -3.83430e+05   -3.80205e+05
    Temperature Pres. DC (bar) Pressure (bar)   Constr. rmsd
    3.01574e+02   -2.10807e+02   -7.87982e+01    3.04658e-06

           Step           Time
          39000       78.00000

   Energies (kJ/mol)
           Bond          Angle    Proper Dih.  Improper Dih.          LJ-14
    1.45616e+03    3.77975e+03    5.10579e+03    2.42709e+02    1.87571e+03
     Coulomb-14        LJ (SR)  Disper. corr.   Coulomb (SR)   Coul. recip.
    1.61519e+04    6.40383e+04   -4.31543e+03   -5.62730e+05    3.32320e+03
 Position Rest.      Potential    Kinetic En.   Total Energy  Conserved En.
    4.58978e+02   -4.70613e+05    8.44027e+04   -3.86210e+05   -3.80199e+05
    Temperature Pres. DC (bar) Pressure (bar)   Constr. rmsd
    2.96077e+02   -2.11431e+02   -5.05383e+01    2.91842e-06

           Step           Time
          39500       79.00000

   Energies (kJ/mol)
           Bond          Angle    Proper Dih.  Improper Dih.          LJ-14
    1.66991e+03    3.89102e+03    5.17669e+03    2.81122e+02    1.86697e+03
     Coulomb-14        LJ (SR)  Disper. corr.   Coulomb (SR)   Coul. recip.
    1.62073e+04    6.57248e+04   -4.31792e+03   -5.63217e+05    3.17841e+03
 Position Rest.      Potential    Kinetic En.   Total Energy  Conserved En.
    4.41052e+02   -4.69097e+05    8.62721e+04   -3.82825e+05   -3.80211e+05
    Temperature Pres. DC (bar) Pressure (bar)   Constr. rmsd
    3.02635e+02   -2.11675e+02    3.72652e+02    2.81854e-06

           Step           Time
          40000       80.00000

   Energies (kJ/mol)
           Bond          Angle    Proper Dih.  Improper Dih.          LJ-14
    1.51097e+03    4.01776e+03    5.17180e+03    2.45619e+02    1.94329e+03
     Coulomb-14        LJ (SR)  Disper. corr.   Coulomb (SR)   Coul. recip.
    1.61847e+04    6.46001e+04   -4.30300e+03   -5.61180e+05    3.16934e+03
 Position Rest.      Potential    Kinetic En.   Total Energy  Conserved En.
    4.79745e+02   -4.68160e+05    8.56724e+04   -3.82487e+05   -3.80197e+05
    Temperature Pres. DC (bar) Pressure (bar)   Constr. rmsd
    3.00531e+02   -2.10217e+02    2.01120e+02    3.05011e-06

           Step           Time
          40500       81.00000

   Energies (kJ/mol)
           Bond          Angle    Proper Dih.  Improper Dih.          LJ-14
    1.54995e+03    3.85637e+03    5.13979e+03    2.60776e+02    1.90397e+03
     Coulomb-14        LJ (SR)  Disper. corr.   Coulomb (SR)   Coul. recip.
    1.62117e+04    6.46427e+04   -4.32060e+03   -5.62147e+05    3.22419e+03
 Position Rest.      Potential    Kinetic En.   Total Energy  Conserved En.
    4.81573e+02   -4.69197e+05    8.40522e+04   -3.85145e+05   -3.80172e+05
    Temperature Pres. DC (bar) Pressure (bar)   Constr. rmsd
    2.94848e+02   -2.11938e+02    3.00876e+02    2.59408e-06

           Step           Time
          41000       82.00000

   Energies (kJ/mol)
           Bond          Angle    Proper Dih.  Improper Dih.          LJ-14
    1.63285e+03    3.84323e+03    5.18429e+03    2.58125e+02    1.89472e+03
     Coulomb-14        LJ (SR)  Disper. corr.   Coulomb (SR)   Coul. recip.
    1.61342e+04    6.27445e+04   -4.31704e+03   -5.60548e+05    3.22682e+03
 Position Rest.      Potential    Kinetic En.   Total Energy  Conserved En.
    4.83124e+02   -4.69463e+05    8.47724e+04   -3.84690e+05   -3.80190e+05
    Temperature Pres. DC (bar) Pressure (bar)   Constr. rmsd
    2.97374e+02   -2.11589e+02   -2.33010e+02    2.83129e-06

           Step           Time
          41500       83.00000

   Energies (kJ/mol)
           Bond          Angle    Proper Dih.  Improper Dih.          LJ-14
    1.64872e+03    3.74313e+03    5.16687e+03    2.99942e+02    1.83193e+03
     Coulomb-14        LJ (SR)  Disper. corr.   Coulomb (SR)   Coul. recip.
    1.62186e+04    6.52496e+04   -4.34807e+03   -5.63081e+05    3.15206e+03
 Position Rest.      Potential    Kinetic En.   Total Energy  Conserved En.
    4.88815e+02   -4.69629e+05    8.56434e+04   -3.83986e+05   -3.80201e+05
    Temperature Pres. DC (bar) Pressure (bar)   Constr. rmsd
    3.00430e+02   -2.14638e+02    3.23368e+02    2.59936e-06

           Step           Time
          42000       84.00000

   Energies (kJ/mol)
           Bond          Angle    Proper Dih.  Improper Dih.          LJ-14
    1.53166e+03    3.70861e+03    5.17019e+03    2.80051e+02    1.88772e+03
     Coulomb-14        LJ (SR)  Disper. corr.   Coulomb (SR)   Coul. recip.
    1.61002e+04    6.33257e+04   -4.31142e+03   -5.61307e+05    3.20871e+03
 Position Rest.      Potential    Kinetic En.   Total Energy  Conserved En.
    4.76079e+02   -4.69930e+05    8.50471e+04   -3.84882e+05   -3.80191e+05
    Temperature Pres. DC (bar) Pressure (bar)   Constr. rmsd
    2.98338e+02   -2.11039e+02   -2.71226e+02    3.14657e-06

           Step           Time
          42500       85.00000

   Energies (kJ/mol)
           Bond          Angle    Proper Dih.  Improper Dih.          LJ-14
    1.53421e+03    3.83623e+03    5.15341e+03    2.53072e+02    1.88667e+03
     Coulomb-14        LJ (SR)  Disper. corr.   Coulomb (SR)   Coul. recip.
    1.60101e+04    6.41435e+04   -4.32670e+03   -5.61826e+05    3.32482e+03
 Position Rest.      Potential    Kinetic En.   Total Energy  Conserved En.
    4.71639e+02   -4.69539e+05    8.56237e+04   -3.83915e+05   -3.80201e+05
    Temperature Pres. DC (bar) Pressure (bar)   Constr. rmsd
    3.00361e+02   -2.12537e+02    2.99507e+02    2.91931e-06

           Step           Time
          43000       86.00000

   Energies (kJ/mol)
           Bond          Angle    Proper Dih.  Improper Dih.          LJ-14
    1.57052e+03    3.80813e+03    5.27793e+03    2.87947e+02    1.85581e+03
     Coulomb-14        LJ (SR)  Disper. corr.   Coulomb (SR)   Coul. recip.
    1.61118e+04    6.49155e+04   -4.31056e+03   -5.61813e+05    3.29957e+03
 Position Rest.      Potential    Kinetic En.   Total Energy  Conserved En.
    4.47292e+02   -4.68549e+05    8.56630e+04   -3.82886e+05   -3.80198e+05
    Temperature Pres. DC (bar) Pressure (bar)   Constr. rmsd
    3.00498e+02   -2.10955e+02    1.04768e+02    2.78625e-06

           Step           Time
          43500       87.00000

   Energies (kJ/mol)
           Bond          Angle    Proper Dih.  Improper Dih.          LJ-14
    1.57303e+03    3.91246e+03    5.19507e+03    3.00382e+02    1.84549e+03
     Coulomb-14        LJ (SR)  Disper. corr.   Coulomb (SR)   Coul. recip.
    1.61680e+04    6.27097e+04   -4.30726e+03   -5.58479e+05    3.23333e+03
 Position Rest.      Potential    Kinetic En.   Total Energy  Conserved En.
    4.58774e+02   -4.67390e+05    8.49349e+04   -3.82455e+05   -3.80182e+05
    Temperature Pres. DC (bar) Pressure (bar)   Constr. rmsd
    2.97944e+02   -2.10633e+02   -1.64284e+02    2.67025e-06

           Step           Time
          44000       88.00000

   Energies (kJ/mol)
           Bond          Angle    Proper Dih.  Improper Dih.          LJ-14
    1.52112e+03    3.83674e+03    5.14766e+03    2.44794e+02    1.85471e+03
     Coulomb-14        LJ (SR)  Disper. corr.   Coulomb (SR)   Coul. recip.
    1.61793e+04    6.46575e+04   -4.32550e+03   -5.63660e+05    3.21415e+03
 Position Rest.      Potential    Kinetic En.   Total Energy  Conserved En.
    5.03993e+02   -4.70825e+05    8.56475e+04   -3.85177e+05   -3.80178e+05
    Temperature Pres. DC (bar) Pressure (bar)   Constr. rmsd
    3.00444e+02   -2.12418e+02   -3.59266e+01    2.92514e-06

           Step           Time
          44500       89.00000

   Energies (kJ/mol)
           Bond          Angle    Proper Dih.  Improper Dih.          LJ-14
    1.47242e+03    3.97844e+03    5.08829e+03    2.31301e+02    1.88950e+03
     Coulomb-14        LJ (SR)  Disper. corr.   Coulomb (SR)   Coul. recip.
    1.63248e+04    6.30851e+04   -4.31420e+03   -5.60782e+05    3.23762e+03
 Position Rest.      Potential    Kinetic En.   Total Energy  Conserved En.
    4.87190e+02   -4.69302e+05    8.49525e+04   -3.84350e+05   -3.80159e+05
    Temperature Pres. DC (bar) Pressure (bar)   Constr. rmsd
    2.98006e+02   -2.11311e+02   -1.81541e+02    2.91116e-06

           Step           Time
          45000       90.00000

   Energies (kJ/mol)
           Bond          Angle    Proper Dih.  Improper Dih.          LJ-14
    1.50133e+03    3.88418e+03    5.15385e+03    2.43538e+02    1.85040e+03
     Coulomb-14        LJ (SR)  Disper. corr.   Coulomb (SR)   Coul. recip.
    1.60475e+04    6.41489e+04   -4.34252e+03   -5.63123e+05    3.13088e+03
 Position Rest.      Potential    Kinetic En.   Total Energy  Conserved En.
    4.32347e+02   -4.71072e+05    8.52023e+04   -3.85870e+05   -3.80170e+05
    Temperature Pres. DC (bar) Pressure (bar)   Constr. rmsd
    2.98883e+02   -2.14091e+02   -2.41183e+01    3.12626e-06

           Step           Time
          45500       91.00000

   Energies (kJ/mol)
           Bond          Angle    Proper Dih.  Improper Dih.          LJ-14
    1.60827e+03    3.81012e+03    5.17375e+03    2.63128e+02    1.87463e+03
     Coulomb-14        LJ (SR)  Disper. corr.   Coulomb (SR)   Coul. recip.
    1.62845e+04    6.30630e+04   -4.29868e+03   -5.60334e+05    3.19698e+03
 Position Rest.      Potential    Kinetic En.   Total Energy  Conserved En.
    5.16636e+02   -4.68842e+05    8.60223e+04   -3.82819e+05   -3.80184e+05
    Temperature Pres. DC (bar) Pressure (bar)   Constr. rmsd
    3.01759e+02   -2.09796e+02   -2.05073e+02    2.80890e-06

           Step           Time
          46000       92.00000

   Energies (kJ/mol)
           Bond          Angle    Proper Dih.  Improper Dih.          LJ-14
    1.49118e+03    3.84408e+03    5.16536e+03    2.66190e+02    1.91899e+03
     Coulomb-14        LJ (SR)  Disper. corr.   Coulomb (SR)   Coul. recip.
    1.60417e+04    6.45034e+04   -4.32992e+03   -5.63288e+05    3.20466e+03
 Position Rest.      Potential    Kinetic En.   Total Energy  Conserved En.
    4.56242e+02   -4.70726e+05    8.55115e+04   -3.85215e+05   -3.80166e+05
    Temperature Pres. DC (bar) Pressure (bar)   Constr. rmsd
    2.99967e+02   -2.12852e+02    5.22820e+01    2.67557e-06

           Step           Time
          46500       93.00000

   Energies (kJ/mol)
           Bond          Angle    Proper Dih.  Improper Dih.          LJ-14
    1.55135e+03    3.82112e+03    5.15261e+03    2.56269e+02    1.91241e+03
     Coulomb-14        LJ (SR)  Disper. corr.   Coulomb (SR)   Coul. recip.
    1.62380e+04    6.50887e+04   -4.29890e+03   -5.62926e+05    3.28311e+03
 Position Rest.      Potential    Kinetic En.   Total Energy  Conserved En.
    4.47819e+02   -4.69473e+05    8.59809e+04   -3.83493e+05   -3.80169e+05
    Temperature Pres. DC (bar) Pressure (bar)   Constr. rmsd
    3.01614e+02   -2.09816e+02    1.58307e+02    2.57771e-06

           Step           Time
          47000       94.00000

   Energies (kJ/mol)
           Bond          Angle    Proper Dih.  Improper Dih.          LJ-14
    1.59919e+03    3.80889e+03    5.18099e+03    2.72350e+02    1.94830e+03
     Coulomb-14        LJ (SR)  Disper. corr.   Coulomb (SR)   Coul. recip.
    1.61656e+04    6.48863e+04   -4.33451e+03   -5.61514e+05    3.33975e+03
 Position Rest.      Potential    Kinetic En.   Total Energy  Conserved En.
    5.00125e+02   -4.68147e+05    8.61183e+04   -3.82029e+05   -3.80161e+05
    Temperature Pres. DC (bar) Pressure (bar)   Constr. rmsd
    3.02096e+02   -2.13303e+02    2.93292e+02    3.05158e-06

           Step           Time
          47500       95.00000

   Energies (kJ/mol)
           Bond          Angle    Proper Dih.  Improper Dih.          LJ-14
    1.56328e+03    3.93246e+03    5.18131e+03    2.78948e+02    1.90605e+03
     Coulomb-14        LJ (SR)  Disper. corr.   Coulomb (SR)   Coul. recip.
    1.59980e+04    6.30437e+04   -4.30718e+03   -5.59373e+05    3.28022e+03
 Position Rest.      Potential    Kinetic En.   Total Energy  Conserved En.
    4.51967e+02   -4.68044e+05    8.54457e+04   -3.82598e+05   -3.80150e+05
    Temperature Pres. DC (bar) Pressure (bar)   Constr. rmsd
    2.99736e+02   -2.10625e+02   -1.78585e+02    2.74259e-06

           Step           Time
          48000       96.00000

   Energies (kJ/mol)
           Bond          Angle    Proper Dih.  Improper Dih.          LJ-14
    1.51633e+03    3.74572e+03    5.18447e+03    2.99832e+02    1.91240e+03
     Coulomb-14        LJ (SR)  Disper. corr.   Coulomb (SR)   Coul. recip.
    1.62243e+04    6.56124e+04   -4.32526e+03   -5.63752e+05    3.17702e+03
 Position Rest.      Potential    Kinetic En.   Total Energy  Conserved En.
    5.20522e+02   -4.69885e+05    8.54571e+04   -3.84428e+05   -3.80146e+05
    Temperature Pres. DC (bar) Pressure (bar)   Constr. rmsd
    2.99776e+02   -2.12395e+02    2.62391e+02    2.96535e-06

           Step           Time
          48500       97.00000

   Energies (kJ/mol)
           Bond          Angle    Proper Dih.  Improper Dih.          LJ-14
    1.55197e+03    3.73961e+03    5.07168e+03    2.72790e+02    1.87962e+03
     Coulomb-14        LJ (SR)  Disper. corr.   Coulomb (SR)   Coul. recip.
    1.62063e+04    6.50820e+04   -4.31823e+03   -5.63396e+05    3.18492e+03
 Position Rest.      Potential    Kinetic En.   Total Energy  Conserved En.
    4.72788e+02   -4.70253e+05    8.50909e+04   -3.85162e+05   -3.80145e+05
    Temperature Pres. DC (bar) Pressure (bar)   Constr. rmsd
    2.98492e+02   -2.11705e+02    8.03316e+01    3.02918e-06

           Step           Time
          49000       98.00000

   Energies (kJ/mol)
           Bond          Angle    Proper Dih.  Improper Dih.          LJ-14
    1.45177e+03    3.83144e+03    5.22535e+03    2.56253e+02    1.89745e+03
     Coulomb-14        LJ (SR)  Disper. corr.   Coulomb (SR)   Coul. recip.
    1.60278e+04    6.35565e+04   -4.32100e+03   -5.61325e+05    3.33213e+03
 Position Rest.      Potential    Kinetic En.   Total Energy  Conserved En.
    4.86871e+02   -4.69580e+05    8.50521e+04   -3.84528e+05   -3.80146e+05
    Temperature Pres. DC (bar) Pressure (bar)   Constr. rmsd
    2.98355e+02   -2.11977e+02    2.49779e+01    2.94327e-06

           Step           Time
          49500       99.00000

   Energies (kJ/mol)
           Bond          Angle    Proper Dih.  Improper Dih.          LJ-14
    1.61883e+03    3.85233e+03    5.21447e+03    2.67367e+02    1.90141e+03
     Coulomb-14        LJ (SR)  Disper. corr.   Coulomb (SR)   Coul. recip.
    1.59792e+04    6.41380e+04   -4.32366e+03   -5.61662e+05    3.22358e+03
 Position Rest.      Potential    Kinetic En.   Total Energy  Conserved En.
    4.53915e+02   -4.69337e+05    8.57280e+04   -3.83609e+05   -3.80131e+05
    Temperature Pres. DC (bar) Pressure (bar)   Constr. rmsd
    3.00727e+02   -2.12238e+02   -3.20740e+01    2.68055e-06

           Step           Time
          50000      100.00000

Writing checkpoint, step 50000 at Thu Oct  7 17:37:45 2021


   Energies (kJ/mol)
           Bond          Angle    Proper Dih.  Improper Dih.          LJ-14
    1.47484e+03    3.76893e+03    5.12834e+03    2.86561e+02    1.90328e+03
     Coulomb-14        LJ (SR)  Disper. corr.   Coulomb (SR)   Coul. recip.
    1.61341e+04    6.36913e+04   -4.30699e+03   -5.61097e+05    3.28526e+03
 Position Rest.      Potential    Kinetic En.   Total Energy  Conserved En.
    4.63152e+02   -4.69268e+05    8.53526e+04   -3.83916e+05   -3.80138e+05
    Temperature Pres. DC (bar) Pressure (bar)   Constr. rmsd
    2.99410e+02   -2.10607e+02   -4.19592e+01    2.53605e-06


	<======  ###############  ==>
	<====  A V E R A G E S  ====>
	<==  ###############  ======>

	Statistics over 50001 steps using 501 frames

   Energies (kJ/mol)
           Bond          Angle    Proper Dih.  Improper Dih.          LJ-14
    1.56585e+03    3.84858e+03    5.16133e+03    2.66915e+02    1.88335e+03
     Coulomb-14        LJ (SR)  Disper. corr.   Coulomb (SR)   Coul. recip.
    1.61381e+04    6.40041e+04   -4.31674e+03   -5.61474e+05    3.25550e+03
 Position Rest.      Potential    Kinetic En.   Total Energy  Conserved En.
    4.87161e+02   -4.69180e+05    8.55174e+04   -3.83662e+05   -3.80287e+05
    Temperature Pres. DC (bar) Pressure (bar)   Constr. rmsd
    2.99988e+02   -2.11562e+02   -3.14294e+00    0.00000e+00

          Box-X          Box-Y          Box-Z
    6.97426e+00    6.97426e+00    6.97426e+00

   Total Virial (kJ/mol)
    2.87209e+04    1.32772e+02   -2.28725e+01
    1.32323e+02    2.83156e+04    3.98771e+01
   -2.26894e+01    4.12694e+01    2.85820e+04

   Pressure (bar)
   -1.94994e+01   -1.23688e+01    2.77184e+00
   -1.23248e+01    1.83375e+01   -4.28364e+00
    2.75397e+00   -4.41996e+00   -8.26688e+00

      T-Protein  T-non-Protein
    3.00159e+02    2.99974e+02


	M E G A - F L O P S   A C C O U N T I N G

 NB=Group-cutoff nonbonded kernels    NxN=N-by-N cluster Verlet kernels
 RF=Reaction-Field  VdW=Van der Waals  QSTab=quadratic-spline table
 W3=SPC/TIP3p  W4=TIP4p (single or pairs)
 V&F=Potential and force  V=Potential only  F=Force only

 Computing:                               M-Number         M-Flops  % Flops
-----------------------------------------------------------------------------
 Pair Search distance check           11298.149978      101683.350     0.3
 NxN QSTab Elec. + LJ [F]            441102.729848    18085211.924    53.1
 NxN QSTab Elec. + LJ [V&F]            4464.135616      263384.001     0.8
 NxN QSTab Elec. [F]                 381307.052392    12964439.781    38.0
 NxN QSTab Elec. [V&F]                 3859.654768      158245.845     0.5
 1,4 nonbonded interactions             255.305106       22977.460     0.1
 Calc Weights                          5062.901256      182264.445     0.5
 Spread Q Bspline                    108008.560128      216017.120     0.6
 Gather F Bspline                    108008.560128      648051.361     1.9
 3D-FFT                              139519.590336     1116156.723     3.3
 Solve PME                               96.801936        6195.324     0.0
 Shift-X                                 33.785752         202.715     0.0
 Bonds                                   51.251025        3023.810     0.0
 Angles                                 177.353547       29795.396     0.1
 Propers                                278.705574       63823.576     0.2
 Impropers                               21.300426        4430.489     0.0
 Pos. Restr.                             50.051001        2502.550     0.0
 Virial                                 169.018797        3042.338     0.0
 Stop-CM                                 16.909752         169.098     0.0
 Calc-Ekin                              337.587504        9114.863     0.0
 Lincs                                   47.950959        2877.058     0.0
 Lincs-Mat                              238.804776         955.219     0.0
 Constraint-V                          1682.033640       13456.269     0.0
 Constraint-Vir                         163.437681        3922.504     0.0
 Settle                                 528.710574      170773.515     0.5
-----------------------------------------------------------------------------
 Total                                                34072716.734   100.0
-----------------------------------------------------------------------------


     R E A L   C Y C L E   A N D   T I M E   A C C O U N T I N G

On 1 MPI rank, each using 12 OpenMP threads

 Computing:          Num   Num      Call    Wall time         Giga-Cycles
                     Ranks Threads  Count      (s)         total sum    %
-----------------------------------------------------------------------------
 Neighbor search        1   12       1001       7.198        310.368   1.8
 Force                  1   12      50001     248.869      10731.053  63.1
 PME mesh               1   12      50001      78.334       3377.704  19.9
 NB X/F buffer ops.     1   12      99001      17.560        757.175   4.5
 Write traj.            1   12        101      22.679        977.892   5.8
 Update                 1   12      50001       7.559        325.917   1.9
 Constraints            1   12      50001       8.389        361.711   2.1
 Rest                                           3.660        157.833   0.9
-----------------------------------------------------------------------------
 Total                                        394.247      16999.654 100.0
-----------------------------------------------------------------------------
 Breakdown of PME mesh computation
-----------------------------------------------------------------------------
 PME spread             1   12      50001      30.782       1327.311   7.8
 PME gather             1   12      50001      28.502       1228.994   7.2
 PME 3D-FFT             1   12     100002      16.552        713.703   4.2
 PME solve Elec         1   12      50001       0.954         41.133   0.2
-----------------------------------------------------------------------------

               Core t (s)   Wall t (s)        (%)
       Time:     4730.955      394.247     1200.0
                 (ns/day)    (hour/ns)
Performance:       21.916        1.095
Finished mdrun on rank 0 Thu Oct  7 17:37:46 2021

